<?xml version='1.0' encoding='UTF-8'?>
<!DOCTYPE coverage SYSTEM 'http://cobertura.sourceforge.net/xml/coverage-04.dtd'>
<coverage line-rate="0.9583333333333334" branch-rate="0.75" lines-covered="23" lines-valid="24" branches-covered="3" branches-valid="4" complexity="0.0" timestamp="1723684161" version="gcovr 5.0"><sources><source>.</source></sources><packages><package name="src" line-rate="0.9583333333333334" branch-rate="0.75" complexity="0.0"><classes><class name="leds_c" filename="src/leds.c" line-rate="0.9583333333333334" branch-rate="0.75" complexity="0.0"><methods/><lines><line number="33" hits="12" branch="false"/><line number="34" hits="12" branch="false"/><line number="51" hits="9" branch="false"/><line number="52" hits="9" branch="false"/><line number="53" hits="9" branch="false"/><line number="54" hits="9" branch="false"/><line number="63" hits="7" branch="false"/><line number="64" hits="7" branch="false"/><line number="65" hits="7" branch="false"/><line number="75" hits="4" branch="false"/><line number="76" hits="4" branch="false"/><line number="77" hits="4" branch="false"/><line number="84" hits="2" branch="false"/><line number="85" hits="2" branch="false"/><line number="86" hits="2" branch="false"/><line number="93" hits="1" branch="false"/><line number="94" hits="1" branch="false"/><line number="95" hits="1" branch="false"/><line number="107" hits="2" branch="false"/><line number="108" hits="2" branch="true" condition-coverage="75% (3/4)"><conditions><condition number="0" type="jump" coverage="75%"/></conditions></line><line number="109" hits="0" branch="false"/><line number="111" hits="2" branch="false"/><line number="123" hits="1" branch="false"/><line number="124" hits="1" branch="false"/></lines></class></classes></package></packages></coverage>