<?xml version="1.0" encoding="utf-8" ?>
<testsuites tests="8" failures="0" time="0.001">
  <testsuite name="test_leds" tests="8" failures="0" skipped="0" errors="0" time="0.001">
    <testcase name="test_todos_los_leds_deben_arrancar_apagados" time="0.000"/>
    <testcase name="test_prender_un_solo_led" time="0.000"/>
    <testcase name="test_prender_y_apagar_un_solo_led" time="0.000"/>
    <testcase name="test_prender_y_apagar_2_led" time="0.000"/>
    <testcase name="test_prender_todos_los_leds_juntos" time="0.000"/>
    <testcase name="test_prender_y_apagar_todos_los_leds_juntos" time="0.000"/>
    <testcase name="test_preder_un_led_y_consultar_su_estado" time="0.000"/>
    <testcase name="test_leds_fuera_de_rango" time="0.000"/>
  </testsuite>
</testsuites>
